<?xml version="1.0" encoding="UTF-8"?>
<!-- Generated by org.testng.reporters.JUnitReportReporter -->
<testsuite hostname="KVEPA01" name="ITunesSearchAPITest" tests="1" failures="0" timestamp="26 Jun 2015 07:17:37 GMT" time="1.642" errors="0">
  <testcase name="searchValidTerm" time="1.642" classname="ITunesSearchAPITest"/>
</testsuite> <!-- ITunesSearchAPITest -->
