<?xml version="1.0" encoding="UTF-8"?>
<!-- Generated by org.testng.reporters.JUnitReportReporter -->
<testsuite hostname="KVEPA01" name="SearchAPI.ITunesSearchAPITest5" tests="1" failures="0" timestamp="26 Jun 2015 20:22:04 GMT" time="2.212" errors="0">
  <testcase name="searchValidTerm" time="2.212" classname="SearchAPI.ITunesSearchAPITest5"/>
</testsuite> <!-- SearchAPI.ITunesSearchAPITest5 -->
